{
  "stats": {
    "suites": 1,
    "tests": 5,
    "passes": 4,
    "pending": 0,
    "failures": 1,
    "start": "2024-06-24T05:00:14.596Z",
    "end": "2024-06-24T05:00:23.711Z",
    "duration": 9115,
    "testsRegistered": 5,
    "passPercent": 80,
    "pendingPercent": 0,
    "other": 0,
    "hasOther": false,
    "skipped": 0,
    "hasSkipped": false
  },
  "results": [
    {
      "uuid": "1ee80a18-8f9a-4940-b5cc-933c0d97a66b",
      "title": "",
      "fullFile": "cypress/e2e/login.cy.js",
      "file": "cypress/e2e/login.cy.js",
      "beforeHooks": [],
      "afterHooks": [],
      "tests": [],
      "suites": [
        {
          "uuid": "1919039c-8469-4bb6-8763-84cc7e0972b1",
          "title": "Login",
          "fullFile": "",
          "file": "",
          "beforeHooks": [],
          "afterHooks": [],
          "tests": [
            {
              "title": "should contain an error message for empty username and password",
              "fullTitle": "Login should contain an error message for empty username and password",
              "timedOut": null,
              "duration": 1156,
              "state": "passed",
              "speed": "fast",
              "pass": true,
              "fail": false,
              "pending": false,
              "context": null,
              "code": "_loginPage.default.clickLoginBtn();\ncy.messageExists(pageData.pleaseEnterUsername);\ncy.messageExists(pageData.pleaseEnterYourPassword);\ncy.messageNotExists(pageData.noAccountFoundWithThatUsername);",
              "err": {},
              "uuid": "f9631735-50e9-452b-ae7a-ac825cdf8839",
              "parentUUID": "1919039c-8469-4bb6-8763-84cc7e0972b1",
              "isHook": false,
              "skipped": false
            },
            {
              "title": "should contain an error message for empty username",
              "fullTitle": "Login should contain an error message for empty username",
              "timedOut": null,
              "duration": 660,
              "state": "passed",
              "speed": "fast",
              "pass": true,
              "fail": false,
              "pending": false,
              "context": null,
              "code": "_loginPage.default.elements.passwordInput().type(user.PASSWORD);\n_loginPage.default.clickLoginBtn();\ncy.messageExists(pageData.pleaseEnterUsername);\ncy.messageNotExists(pageData.pleaseEnterYourPassword);\ncy.messageNotExists(pageData.noAccountFoundWithThatUsername);",
              "err": {},
              "uuid": "3fef6bdc-f168-4643-9e82-3316f611eeb6",
              "parentUUID": "1919039c-8469-4bb6-8763-84cc7e0972b1",
              "isHook": false,
              "skipped": false
            },
            {
              "title": "should contain an error message for empty password",
              "fullTitle": "Login should contain an error message for empty password",
              "timedOut": null,
              "duration": 569,
              "state": "passed",
              "speed": "fast",
              "pass": true,
              "fail": false,
              "pending": false,
              "context": null,
              "code": "_loginPage.default.elements.usernameInput().type(user.USERNAME);\n_loginPage.default.clickLoginBtn();\ncy.messageNotExists(pageData.pleaseEnterUsername);\ncy.messageExists(pageData.pleaseEnterYourPassword);\ncy.messageNotExists(pageData.noAccountFoundWithThatUsername);",
              "err": {},
              "uuid": "547d2661-315b-4980-bdca-5b129d223b62",
              "parentUUID": "1919039c-8469-4bb6-8763-84cc7e0972b1",
              "isHook": false,
              "skipped": false
            },
            {
              "title": "should login with correct username and password",
              "fullTitle": "Login should login with correct username and password",
              "timedOut": null,
              "duration": 5592,
              "state": "failed",
              "speed": null,
              "pass": false,
              "fail": true,
              "pending": false,
              "context": null,
              "code": "_loginPage.default.login(user.USERNAME, user.PASSWORD);\ncy.messageNotExists(pageData.pleaseEnterUsername);\ncy.messageNotExists(pageData.pleaseEnterYourPassword);\ncy.messageNotExists(pageData.noAccountFoundWithThatUsername);",
              "err": {
                "message": "AssertionError: Timed out retrying after 4000ms: Expected not to find content: 'No account found with that username.' but continuously found it.",
                "estack": "AssertionError: Timed out retrying after 4000ms: Expected not to find content: 'No account found with that username.' but continuously found it.\n    at Context.eval (webpack://cypress-login/./cypress/support/commands.js:6:23)",
                "diff": null
              },
              "uuid": "572b23d6-c711-4aeb-a8f0-33ebcf71dd73",
              "parentUUID": "1919039c-8469-4bb6-8763-84cc7e0972b1",
              "isHook": false,
              "skipped": false
            },
            {
              "title": "should contain an error message for an invalid user",
              "fullTitle": "Login should contain an error message for an invalid user",
              "timedOut": null,
              "duration": 955,
              "state": "passed",
              "speed": "fast",
              "pass": true,
              "fail": false,
              "pending": false,
              "context": null,
              "code": "_loginPage.default.login(user.USERNAME, user.PASSWORD);\ncy.messageNotExists(pageData.pleaseEnterUsername);\ncy.messageNotExists(pageData.pleaseEnterYourPassword);\ncy.messageExists(pageData.noAccountFoundWithThatUsername);",
              "err": {},
              "uuid": "1eaf4a6a-da81-4ec4-8a75-6320854233da",
              "parentUUID": "1919039c-8469-4bb6-8763-84cc7e0972b1",
              "isHook": false,
              "skipped": false
            }
          ],
          "suites": [],
          "passes": [
            "f9631735-50e9-452b-ae7a-ac825cdf8839",
            "3fef6bdc-f168-4643-9e82-3316f611eeb6",
            "547d2661-315b-4980-bdca-5b129d223b62",
            "1eaf4a6a-da81-4ec4-8a75-6320854233da"
          ],
          "failures": [
            "572b23d6-c711-4aeb-a8f0-33ebcf71dd73"
          ],
          "pending": [],
          "skipped": [],
          "duration": 8932,
          "root": false,
          "rootEmpty": false,
          "_timeout": 2000
        }
      ],
      "passes": [],
      "failures": [],
      "pending": [],
      "skipped": [],
      "duration": 0,
      "root": true,
      "rootEmpty": true,
      "_timeout": 2000
    }
  ],
  "meta": {
    "mocha": {
      "version": "7.0.1"
    },
    "mochawesome": {
      "options": {
        "quiet": false,
        "reportFilename": "mochawesome",
        "saveHtml": true,
        "saveJson": true,
        "consoleReporter": "spec",
        "useInlineDiffs": false,
        "code": true
      },
      "version": "7.1.3"
    },
    "marge": {
      "options": {
        "reportDir": "./report/mochawesome-report"
      },
      "version": "6.2.0"
    }
  }
}